Arguments: 
  /Users/wuchuheng/.nvm/versions/node/v16.13.1/bin/node /Users/wuchuheng/.nvm/versions/node/v16.13.1/bin/yarn add prettier tslint tslint-config-pretter -D

PATH: 
  /Users/wuchuheng/.nvm/versions/node/v16.13.1/bin:/usr/local/bin:/usr/bin:/bin:/usr/sbin:/sbin:/usr/local/go/bin:/Library/Apple/usr/bin:/Users/wuchuheng/Desktop/myprojects/a1001-zhuche/tmp/my-awesome-greeter/node_modules/.bin:/Users/wuchuheng/dotfiles/bin:/Users/wuchuheng/Library/Android/sdk/platform-tools:/Users/wuchuheng/flutter/bin:/Users/wuchuheng/Library/Android/sdk/tools:/Users/wuchuheng/Library/Android/sdk/platform-tools:/Users/wuchuheng/Library/Android/sdk/tools/bin:/Users/wuchuheng/apache-maven-3.8.3/bin:/usr/local/Cellar/ctags/5.8_2/bin:/Users/wuchuheng/Library/Python/3.8/bin

Yarn version: 
  1.22.17

Node version: 
  16.13.1

Platform: 
  darwin x64

Trace: 
  Error: https://registry.yarnpkg.com/tslint-config-pretter: Not found
      at Request.params.callback [as _callback] (/Users/wuchuheng/.nvm/versions/node/v16.13.1/lib/node_modules/yarn/lib/cli.js:67029:18)
      at Request.self.callback (/Users/wuchuheng/.nvm/versions/node/v16.13.1/lib/node_modules/yarn/lib/cli.js:140883:22)
      at Request.emit (node:events:390:28)
      at Request.<anonymous> (/Users/wuchuheng/.nvm/versions/node/v16.13.1/lib/node_modules/yarn/lib/cli.js:141855:10)
      at Request.emit (node:events:390:28)
      at IncomingMessage.<anonymous> (/Users/wuchuheng/.nvm/versions/node/v16.13.1/lib/node_modules/yarn/lib/cli.js:141777:12)
      at Object.onceWrapper (node:events:509:28)
      at IncomingMessage.emit (node:events:402:35)
      at endReadableNT (node:internal/streams/readable:1343:12)
      at processTicksAndRejections (node:internal/process/task_queues:83:21)

npm manifest: 
  {
    "name": "my-awesome-greeter",
    "version": "1.0.0",
    "description": "",
    "main": "index.js",
    "scripts": {
      "build": "tsc",
      "test": "echo \"Error: no test specified\" && exit 1",
      "format": "prettier --write \"src/**/*.ts\" \"src/**/*.js\"",
      "lint": "tslint -p tsconfig.json"
    },
    "keywords": [],
    "author": "",
    "license": "ISC",
    "devDependencies": {
      "typescript": "^4.5.4"
    }
  }

yarn manifest: 
  No manifest

Lockfile: 
  # THIS IS AN AUTOGENERATED FILE. DO NOT EDIT THIS FILE DIRECTLY.
  # yarn lockfile v1
  
  
  typescript@^4.5.4:
    version "4.5.4"
    resolved "https://registry.yarnpkg.com/typescript/-/typescript-4.5.4.tgz#a17d3a0263bf5c8723b9c52f43c5084edf13c2e8"
    integrity sha512-VgYs2A2QIRuGphtzFV7aQJduJ2gyfTljngLzjpfW9FoYZF6xuw1W0vW9ghCKLfcWrCFxK81CSGRAvS1pn4fIUg==
